2022-02-07 13:03:56,532 [INFO] automated_metashape.MetashapeProcessing: --------------
2022-02-07 13:03:56,534 [INFO] automated_metashape.MetashapeProcessing: Fresh run initiated.
2022-02-07 13:03:56,534 [INFO] automated_metashape.MetashapeProcessing: Runtime id: MS_20220207T1303
2022-02-07 13:03:56,535 [INFO] automated_metashape.MetashapeProcessing: --------------
2022-02-07 13:03:56,535 [INFO] automated_metashape.MetashapeProcessing: Agisoft Metashape Professional Version: 1.7.2.
2022-02-07 13:03:56,535 [INFO] automated_metashape.MetashapeProcessing: Automated metashape package version: 0.1.8.

2022-02-07 13:03:56,903 [INFO] automated_metashape.MetashapeProcessing: Creating new project...
2022-02-07 13:03:57,323 [INFO] automated_metashape.MetashapeProcessing: Saved project as C:/Users/Peter/Documents/GitHub/automated_agisoft_documentation/content/lessons/l3/metashape/MS_20220207T1303.psx

### Start of input file configuration for startup-stage ###
load_project_path: null
output_path: ./metashape
photo_path: .
project_crs: EPSG::32633
project_path: ./metashape
run_name: MS
subdivide_task: true
### End of input file configuration for startup-stage ###

2022-02-07 13:03:57,540 [WARNING] automated_metashape.MetashapeProcessing: Failed to export report. Export report manually.
2022-02-07 13:03:57,756 [INFO] automated_metashape.MetashapeProcessing: --------------
2022-02-07 13:03:57,756 [INFO] automated_metashape.MetashapeProcessing: Run completed.
2022-02-07 13:03:57,757 [INFO] automated_metashape.MetashapeProcessing: --------------

