Traceback (most recent call last):
  File "c:\users\peter\.conda\envs\automated_metashape\lib\site-packages\jupyter_cache\executors\utils.py", line 56, in single_nb_execution
    record_timing=False,
  File "c:\users\peter\.conda\envs\automated_metashape\lib\site-packages\nbclient\client.py", line 1087, in execute
    return NotebookClient(nb=nb, resources=resources, km=km, **kwargs).execute()
  File "c:\users\peter\.conda\envs\automated_metashape\lib\site-packages\nbclient\util.py", line 74, in wrapped
    return just_run(coro(*args, **kwargs))
  File "c:\users\peter\.conda\envs\automated_metashape\lib\site-packages\nbclient\util.py", line 53, in just_run
    return loop.run_until_complete(coro)
  File "c:\users\peter\.conda\envs\automated_metashape\lib\asyncio\base_events.py", line 587, in run_until_complete
    return future.result()
  File "c:\users\peter\.conda\envs\automated_metashape\lib\site-packages\nbclient\client.py", line 541, in async_execute
    cell, index, execution_count=self.code_cells_executed + 1
  File "c:\users\peter\.conda\envs\automated_metashape\lib\site-packages\nbclient\client.py", line 832, in async_execute_cell
    self._check_raise_for_error(cell, exec_reply)
  File "c:\users\peter\.conda\envs\automated_metashape\lib\site-packages\nbclient\client.py", line 740, in _check_raise_for_error
    raise CellExecutionError.from_cell_and_msg(cell, exec_reply['content'])
nbclient.exceptions.CellExecutionError: An error occurred while executing the following cell:
------------------
{project_directory}/data_directory/gcps/prepared/gcp_table.csv
------------------

[1;31m---------------------------------------------------------------------------[0m
[1;31mNameError[0m                                 Traceback (most recent call last)
[1;32m<ipython-input-2-3691216d42b2>[0m in [0;36m<module>[1;34m()[0m
[1;32m----> 1[1;33m [1;33m{[0m[0mproject_directory[0m[1;33m}[0m[1;33m/[0m[0mdata_directory[0m[1;33m/[0m[0mgcps[0m[1;33m/[0m[0mprepared[0m[1;33m/[0m[0mgcp_table[0m[1;33m.[0m[0mcsv[0m[1;33m[0m[1;33m[0m[0m
[0m
[1;31mNameError[0m: name 'project_directory' is not defined
NameError: name 'project_directory' is not defined

